<?xml version="1.0" encoding="UTF-8"?>
<testng-results ignored="0" total="1" passed="1" failed="0" skipped="0">
  <reporter-output>
  </reporter-output>
  <suite started-at="2022-11-23T15:45:12 IST" name="Default suite" finished-at="2022-11-23T15:45:12 IST" duration-ms="53">
    <groups>
    </groups>
    <test started-at="2022-11-23T15:45:12 IST" name="Default test" finished-at="2022-11-23T15:45:12 IST" duration-ms="53">
      <class name="MyClass2">
        <test-method signature="tc2()[pri:0, instance:MyClass2@482bce4f]" started-at="2022-11-23T15:45:12 IST" name="tc2" finished-at="2022-11-23T15:45:12 IST" duration-ms="11" status="PASS">
          <reporter-output>
          </reporter-output>
        </test-method> <!-- tc2 -->
      </class> <!-- MyClass2 -->
    </test> <!-- Default test -->
  </suite> <!-- Default suite -->
</testng-results>
